生成启动时间为 2020/11/24 14:22:01。
     1>项目“E:\Projects\VisualStudioProjects\CYuYanDaZuoYe\学生信息管理系统（三）\学生信息管理系统（三）\学生信息管理系统（三）.vcxproj”在节点 2 上(build 个目标)。
     1>InitializeBuildStatus:
         正在创建“Debug\学生信息管理系统（三）.unsuccessfulbuild”，因为已指定“AlwaysCreate”。
       ClCompile:
         D:\Microsoft Visual Studio 10.0\VC\bin\CL.exe /c /ZI /nologo /W3 /WX- /Od /Oy- /D WIN32 /D _DEBUG /D _CONSOLE /D _UNICODE /D UNICODE /Gm /EHsc /RTC1 /MDd /GS /fp:precise /Zc:wchar_t /Zc:forScope /Fo"Debug\\" /Fd"Debug\vc100.pdb" /Gd /TP /analyze- /errorReport:prompt "学生信息管理系统（三）.cpp"
         学生信息管理系统（三）.cpp
     1>e:\projects\visualstudioprojects\cyuyandazuoye\学生信息管理系统（三）\学生信息管理系统（三）\学生信息管理系统（三）.cpp(262): warning C4551: 缺少参数列表的函数调用
       ManifestResourceCompile:
         C:\Program Files (x86)\Microsoft SDKs\Windows\v7.0A\bin\rc.exe /nologo /fo"Debug\学生信息管理系统（三）.exe.embed.manifest.res" "Debug\学生信息管理系统（三）_manifest.rc" 
       Link:
         D:\Microsoft Visual Studio 10.0\VC\bin\link.exe /ERRORREPORT:PROMPT /OUT:"E:\Projects\VisualStudioProjects\CYuYanDaZuoYe\学生信息管理系统（三）\Debug\学生信息管理系统（三）.exe" /INCREMENTAL /NOLOGO kernel32.lib user32.lib gdi32.lib winspool.lib comdlg32.lib advapi32.lib shell32.lib ole32.lib oleaut32.lib uuid.lib odbc32.lib odbccp32.lib /MANIFEST /ManifestFile:"Debug\学生信息管理系统（三）.exe.intermediate.manifest" /MANIFESTUAC:"level='asInvoker' uiAccess='false'" /DEBUG /PDB:"E:\Projects\VisualStudioProjects\CYuYanDaZuoYe\学生信息管理系统（三）\Debug\学生信息管理系统（三）.pdb" /SUBSYSTEM:CONSOLE /TLBID:1 /DYNAMICBASE /NXCOMPAT /IMPLIB:"E:\Projects\VisualStudioProjects\CYuYanDaZuoYe\学生信息管理系统（三）\Debug\学生信息管理系统（三）.lib" /MACHINE:X86 "Debug\学生信息管理系统（三）.exe.embed.manifest.res"
         "Debug\学生信息管理系统（三）.obj"
       Manifest:
         C:\Program Files (x86)\Microsoft SDKs\Windows\v7.0A\bin\mt.exe /nologo /verbose /out:"Debug\学生信息管理系统（三）.exe.embed.manifest" /manifest "Debug\学生信息管理系统（三）.exe.intermediate.manifest"
         所有输出均为最新。
       LinkEmbedManifest:
         所有输出均为最新。
         学生信息管理系统（三）.vcxproj -> E:\Projects\VisualStudioProjects\CYuYanDaZuoYe\学生信息管理系统（三）\Debug\学生信息管理系统（三）.exe
       FinalizeBuildStatus:
         正在删除文件“Debug\学生信息管理系统（三）.unsuccessfulbuild”。
         正在对“Debug\学生信息管理系统（三）.lastbuildstate”执行 Touch 任务。
     1>已完成生成项目“E:\Projects\VisualStudioProjects\CYuYanDaZuoYe\学生信息管理系统（三）\学生信息管理系统（三）\学生信息管理系统（三）.vcxproj”(build 个目标)的操作。

生成成功。

已用时间 00:00:00.89
